<?xml version="1.0" encoding="UTF-8"?>
<!-- Generated by org.testng.reporters.JUnitXMLReporter -->
<testsuite hostname="DESKTOP-5QL842I" ignored="0" name="TC004_DELETE_Request_Categories" tests="3" failures="0" timestamp="16 Jun 2020 23:40:45 GMT" time="5.144" errors="0">
  <testcase name="checkContentType" time="0.001" classname="com.LumiraDX_Test_Project.testCases.TC004_DELETE_Request_Categories"/>
  <testcase name="checkResponseTime" time="0.002" classname="com.LumiraDX_Test_Project.testCases.TC004_DELETE_Request_Categories"/>
  <testcase name="checkStatusCode" time="0.001" classname="com.LumiraDX_Test_Project.testCases.TC004_DELETE_Request_Categories"/>
</testsuite> <!-- TC004_DELETE_Request_Categories -->
