<?xml version="1.0" encoding="UTF-8"?>
<!-- Generated by org.testng.reporters.JUnitXMLReporter -->
<testsuite hostname="DESKTOP-5QL842I" ignored="0" name="TC001_GET_Request_Categories" tests="6" failures="0" timestamp="16 Jun 2020 23:40:29 GMT" time="1.25" errors="0">
  <testcase name="checkContentLength" time="0.006" classname="com.LumiraDX_Test_Project.testCases.TC001_GET_Request_Categories"/>
  <testcase name="checkContentType" time="0.001" classname="com.LumiraDX_Test_Project.testCases.TC001_GET_Request_Categories"/>
  <testcase name="checkResponseBody" time="0.019" classname="com.LumiraDX_Test_Project.testCases.TC001_GET_Request_Categories"/>
  <testcase name="checkResponseTime" time="0.002" classname="com.LumiraDX_Test_Project.testCases.TC001_GET_Request_Categories"/>
  <testcase name="checkStatusCode" time="0.001" classname="com.LumiraDX_Test_Project.testCases.TC001_GET_Request_Categories"/>
  <testcase name="checkStatusLine" time="0.001" classname="com.LumiraDX_Test_Project.testCases.TC001_GET_Request_Categories"/>
</testsuite> <!-- TC001_GET_Request_Categories -->
