<?xml version="1.0" encoding="UTF-8"?>
<testng-results skipped="0" failed="0" ignored="0" total="16" passed="16">
  <reporter-output>
  </reporter-output>
  <suite name="LumiraDX_Test_Project" duration-ms="16851" started-at="2020-06-16T23:40:28Z" finished-at="2020-06-16T23:40:45Z">
    <groups>
    </groups>
    <test name="TC001_GET_Request_Categories" duration-ms="1250" started-at="2020-06-16T23:40:28Z" finished-at="2020-06-16T23:40:29Z">
      <class name="com.LumiraDX_Test_Project.testCases.TC001_GET_Request_Categories">
        <test-method status="PASS" signature="setup()[pri:0, instance:com.LumiraDX_Test_Project.testCases.TC001_GET_Request_Categories@fad74ee]" name="setup" is-config="true" duration-ms="29" started-at="2020-06-16T23:40:28Z" finished-at="2020-06-16T23:40:28Z">
          <reporter-output>
          </reporter-output>
        </test-method> <!-- setup -->
        <test-method status="PASS" signature="getAllCategories()[pri:0, instance:com.LumiraDX_Test_Project.testCases.TC001_GET_Request_Categories@fad74ee]" name="getAllCategories" is-config="true" duration-ms="891" started-at="2020-06-16T23:40:28Z" finished-at="2020-06-16T23:40:29Z">
          <reporter-output>
          </reporter-output>
        </test-method> <!-- getAllCategories -->
        <test-method status="PASS" signature="checkContentLength()[pri:0, instance:com.LumiraDX_Test_Project.testCases.TC001_GET_Request_Categories@fad74ee]" name="checkContentLength" duration-ms="6" started-at="2020-06-16T23:40:29Z" finished-at="2020-06-16T23:40:29Z">
          <reporter-output>
          </reporter-output>
        </test-method> <!-- checkContentLength -->
        <test-method status="PASS" signature="checkContentType()[pri:0, instance:com.LumiraDX_Test_Project.testCases.TC001_GET_Request_Categories@fad74ee]" name="checkContentType" duration-ms="1" started-at="2020-06-16T23:40:29Z" finished-at="2020-06-16T23:40:29Z">
          <reporter-output>
          </reporter-output>
        </test-method> <!-- checkContentType -->
        <test-method status="PASS" signature="checkResponseBody()[pri:0, instance:com.LumiraDX_Test_Project.testCases.TC001_GET_Request_Categories@fad74ee]" name="checkResponseBody" duration-ms="19" started-at="2020-06-16T23:40:29Z" finished-at="2020-06-16T23:40:29Z">
          <reporter-output>
          </reporter-output>
        </test-method> <!-- checkResponseBody -->
        <test-method status="PASS" signature="checkResponseTime()[pri:0, instance:com.LumiraDX_Test_Project.testCases.TC001_GET_Request_Categories@fad74ee]" name="checkResponseTime" duration-ms="2" started-at="2020-06-16T23:40:29Z" finished-at="2020-06-16T23:40:29Z">
          <reporter-output>
          </reporter-output>
        </test-method> <!-- checkResponseTime -->
        <test-method status="PASS" signature="checkStatusCode()[pri:0, instance:com.LumiraDX_Test_Project.testCases.TC001_GET_Request_Categories@fad74ee]" name="checkStatusCode" duration-ms="1" started-at="2020-06-16T23:40:29Z" finished-at="2020-06-16T23:40:29Z">
          <reporter-output>
          </reporter-output>
        </test-method> <!-- checkStatusCode -->
        <test-method status="PASS" signature="checkStatusLine()[pri:0, instance:com.LumiraDX_Test_Project.testCases.TC001_GET_Request_Categories@fad74ee]" name="checkStatusLine" duration-ms="1" started-at="2020-06-16T23:40:29Z" finished-at="2020-06-16T23:40:29Z">
          <reporter-output>
          </reporter-output>
        </test-method> <!-- checkStatusLine -->
        <test-method status="PASS" signature="tearDown()[pri:0, instance:com.LumiraDX_Test_Project.testCases.TC001_GET_Request_Categories@fad74ee]" name="tearDown" is-config="true" duration-ms="245" started-at="2020-06-16T23:40:29Z" finished-at="2020-06-16T23:40:29Z">
          <reporter-output>
          </reporter-output>
        </test-method> <!-- tearDown -->
        <test-method status="PASS" signature="quit()[pri:0, instance:com.LumiraDX_Test_Project.testCases.TC001_GET_Request_Categories@fad74ee]" name="quit" is-config="true" duration-ms="33" started-at="2020-06-16T23:40:29Z" finished-at="2020-06-16T23:40:29Z">
          <reporter-output>
          </reporter-output>
        </test-method> <!-- quit -->
      </class> <!-- com.LumiraDX_Test_Project.testCases.TC001_GET_Request_Categories -->
    </test> <!-- TC001_GET_Request_Categories -->
    <test name="TC002_POST_Request_Categories" duration-ms="5158" started-at="2020-06-16T23:40:29Z" finished-at="2020-06-16T23:40:34Z">
      <class name="com.LumiraDX_Test_Project.testCases.TC002_POST_Request_Categories">
        <test-method status="PASS" signature="setup()[pri:0, instance:com.LumiraDX_Test_Project.testCases.TC002_POST_Request_Categories@12f41634]" name="setup" is-config="true" duration-ms="1" started-at="2020-06-16T23:40:29Z" finished-at="2020-06-16T23:40:29Z">
          <reporter-output>
          </reporter-output>
        </test-method> <!-- setup -->
        <test-method status="PASS" signature="addOneCategory()[pri:0, instance:com.LumiraDX_Test_Project.testCases.TC002_POST_Request_Categories@12f41634]" name="addOneCategory" is-config="true" duration-ms="5123" started-at="2020-06-16T23:40:29Z" finished-at="2020-06-16T23:40:34Z">
          <reporter-output>
          </reporter-output>
        </test-method> <!-- addOneCategory -->
        <test-method status="PASS" signature="checkContentLength()[pri:0, instance:com.LumiraDX_Test_Project.testCases.TC002_POST_Request_Categories@12f41634]" name="checkContentLength" duration-ms="2" started-at="2020-06-16T23:40:34Z" finished-at="2020-06-16T23:40:34Z">
          <reporter-output>
          </reporter-output>
        </test-method> <!-- checkContentLength -->
        <test-method status="PASS" signature="checkContentType()[pri:0, instance:com.LumiraDX_Test_Project.testCases.TC002_POST_Request_Categories@12f41634]" name="checkContentType" duration-ms="1" started-at="2020-06-16T23:40:34Z" finished-at="2020-06-16T23:40:34Z">
          <reporter-output>
          </reporter-output>
        </test-method> <!-- checkContentType -->
        <test-method status="PASS" signature="checkResponseTime()[pri:0, instance:com.LumiraDX_Test_Project.testCases.TC002_POST_Request_Categories@12f41634]" name="checkResponseTime" duration-ms="1" started-at="2020-06-16T23:40:34Z" finished-at="2020-06-16T23:40:34Z">
          <reporter-output>
          </reporter-output>
        </test-method> <!-- checkResponseTime -->
        <test-method status="PASS" signature="checkStatusCode()[pri:0, instance:com.LumiraDX_Test_Project.testCases.TC002_POST_Request_Categories@12f41634]" name="checkStatusCode" duration-ms="1" started-at="2020-06-16T23:40:34Z" finished-at="2020-06-16T23:40:34Z">
          <reporter-output>
          </reporter-output>
        </test-method> <!-- checkStatusCode -->
        <test-method status="PASS" signature="quit()[pri:0, instance:com.LumiraDX_Test_Project.testCases.TC002_POST_Request_Categories@12f41634]" name="quit" is-config="true" duration-ms="26" started-at="2020-06-16T23:40:34Z" finished-at="2020-06-16T23:40:34Z">
          <reporter-output>
          </reporter-output>
        </test-method> <!-- quit -->
      </class> <!-- com.LumiraDX_Test_Project.testCases.TC002_POST_Request_Categories -->
    </test> <!-- TC002_POST_Request_Categories -->
    <test name="TC003_PUT_Request_Categories" duration-ms="5279" started-at="2020-06-16T23:40:34Z" finished-at="2020-06-16T23:40:40Z">
      <class name="com.LumiraDX_Test_Project.testCases.TC003_PUT_Request_Categories">
        <test-method status="PASS" signature="setup()[pri:0, instance:com.LumiraDX_Test_Project.testCases.TC003_PUT_Request_Categories@77ec78b9]" name="setup" is-config="true" duration-ms="2" started-at="2020-06-16T23:40:34Z" finished-at="2020-06-16T23:40:34Z">
          <reporter-output>
          </reporter-output>
        </test-method> <!-- setup -->
        <test-method status="PASS" signature="getAllEmployee()[pri:0, instance:com.LumiraDX_Test_Project.testCases.TC003_PUT_Request_Categories@77ec78b9]" name="getAllEmployee" is-config="true" duration-ms="5242" started-at="2020-06-16T23:40:34Z" finished-at="2020-06-16T23:40:40Z">
          <reporter-output>
          </reporter-output>
        </test-method> <!-- getAllEmployee -->
        <test-method status="PASS" signature="checkContentType()[pri:0, instance:com.LumiraDX_Test_Project.testCases.TC003_PUT_Request_Categories@77ec78b9]" name="checkContentType" duration-ms="1" started-at="2020-06-16T23:40:40Z" finished-at="2020-06-16T23:40:40Z">
          <reporter-output>
          </reporter-output>
        </test-method> <!-- checkContentType -->
        <test-method status="PASS" signature="checkResponseTime()[pri:0, instance:com.LumiraDX_Test_Project.testCases.TC003_PUT_Request_Categories@77ec78b9]" name="checkResponseTime" duration-ms="1" started-at="2020-06-16T23:40:40Z" finished-at="2020-06-16T23:40:40Z">
          <reporter-output>
          </reporter-output>
        </test-method> <!-- checkResponseTime -->
        <test-method status="PASS" signature="checkStatusCode()[pri:0, instance:com.LumiraDX_Test_Project.testCases.TC003_PUT_Request_Categories@77ec78b9]" name="checkStatusCode" duration-ms="1" started-at="2020-06-16T23:40:40Z" finished-at="2020-06-16T23:40:40Z">
          <reporter-output>
          </reporter-output>
        </test-method> <!-- checkStatusCode -->
        <test-method status="PASS" signature="quit()[pri:0, instance:com.LumiraDX_Test_Project.testCases.TC003_PUT_Request_Categories@77ec78b9]" name="quit" is-config="true" duration-ms="29" started-at="2020-06-16T23:40:40Z" finished-at="2020-06-16T23:40:40Z">
          <reporter-output>
          </reporter-output>
        </test-method> <!-- quit -->
      </class> <!-- com.LumiraDX_Test_Project.testCases.TC003_PUT_Request_Categories -->
    </test> <!-- TC003_PUT_Request_Categories -->
    <test name="TC004_DELETE_Request_Categories" duration-ms="5144" started-at="2020-06-16T23:40:40Z" finished-at="2020-06-16T23:40:45Z">
      <class name="com.LumiraDX_Test_Project.testCases.TC004_DELETE_Request_Categories">
        <test-method status="PASS" signature="setup()[pri:0, instance:com.LumiraDX_Test_Project.testCases.TC004_DELETE_Request_Categories@87f383f]" name="setup" is-config="true" duration-ms="1" started-at="2020-06-16T23:40:40Z" finished-at="2020-06-16T23:40:40Z">
          <reporter-output>
          </reporter-output>
        </test-method> <!-- setup -->
        <test-method status="PASS" signature="getAllEmployee()[pri:0, instance:com.LumiraDX_Test_Project.testCases.TC004_DELETE_Request_Categories@87f383f]" name="getAllEmployee" is-config="true" duration-ms="5108" started-at="2020-06-16T23:40:40Z" finished-at="2020-06-16T23:40:45Z">
          <reporter-output>
          </reporter-output>
        </test-method> <!-- getAllEmployee -->
        <test-method status="PASS" signature="checkContentType()[pri:0, instance:com.LumiraDX_Test_Project.testCases.TC004_DELETE_Request_Categories@87f383f]" name="checkContentType" duration-ms="1" started-at="2020-06-16T23:40:45Z" finished-at="2020-06-16T23:40:45Z">
          <reporter-output>
          </reporter-output>
        </test-method> <!-- checkContentType -->
        <test-method status="PASS" signature="checkResponseTime()[pri:0, instance:com.LumiraDX_Test_Project.testCases.TC004_DELETE_Request_Categories@87f383f]" name="checkResponseTime" duration-ms="2" started-at="2020-06-16T23:40:45Z" finished-at="2020-06-16T23:40:45Z">
          <reporter-output>
          </reporter-output>
        </test-method> <!-- checkResponseTime -->
        <test-method status="PASS" signature="checkStatusCode()[pri:0, instance:com.LumiraDX_Test_Project.testCases.TC004_DELETE_Request_Categories@87f383f]" name="checkStatusCode" duration-ms="1" started-at="2020-06-16T23:40:45Z" finished-at="2020-06-16T23:40:45Z">
          <reporter-output>
          </reporter-output>
        </test-method> <!-- checkStatusCode -->
        <test-method status="PASS" signature="quit()[pri:0, instance:com.LumiraDX_Test_Project.testCases.TC004_DELETE_Request_Categories@87f383f]" name="quit" is-config="true" duration-ms="29" started-at="2020-06-16T23:40:45Z" finished-at="2020-06-16T23:40:45Z">
          <reporter-output>
          </reporter-output>
        </test-method> <!-- quit -->
      </class> <!-- com.LumiraDX_Test_Project.testCases.TC004_DELETE_Request_Categories -->
    </test> <!-- TC004_DELETE_Request_Categories -->
  </suite> <!-- LumiraDX_Test_Project -->
</testng-results>
